<?xml version="1.0" encoding="UTF-8"?>
<coverage generated="1665735995587" clover="3.2.0">
  <project timestamp="1665735995587" name="All files">
    <metrics statements="4" coveredstatements="4" conditionals="2" coveredconditionals="2" methods="1" coveredmethods="1" elements="7" coveredelements="7" complexity="0" loc="4" ncloc="4" packages="1" files="1" classes="1"/>
    <file name="validation.js" path="D:\GDrive\dev\hanghae\week5\jest\validation.js">
      <metrics statements="4" coveredstatements="4" conditionals="2" coveredconditionals="2" methods="1" coveredmethods="1"/>
      <line num="3" count="13" type="stmt"/>
      <line num="4" count="13" type="stmt"/>
      <line num="5" count="13" type="cond" truecount="2" falsecount="0"/>
      <line num="6" count="6" type="stmt"/>
    </file>
  </project>
</coverage>
