{"D:\\GDrive\\dev\\hanghae\\week5\\jest\\validation.js": {"path":"D:\\GDrive\\dev\\hanghae\\week5\\jest\\validation.js","statementMap":{"0":{"start":{"line":3,"column":19},"end":{"line":3,"column":56}},"1":{"start":{"line":4,"column":22},"end":{"line":4,"column":36}},"2":{"start":{"line":5,"column":8},"end":{"line":6,"column":26}},"3":{"start":{"line":5,"column":31},"end":{"line":5,"column":43}},"4":{"start":{"line":6,"column":13},"end":{"line":6,"column":26}}},"fnMap":{"0":{"name":"(anonymous_0)","decl":{"start":{"line":2,"column":13},"end":{"line":2,"column":14}},"loc":{"start":{"line":2,"column":22},"end":{"line":7,"column":5}},"line":2}},"branchMap":{"0":{"loc":{"start":{"line":5,"column":8},"end":{"line":6,"column":26}},"type":"if","locations":[{"start":{"line":5,"column":8},"end":{"line":6,"column":26}},{"start":{"line":6,"column":13},"end":{"line":6,"column":26}}],"line":5}},"s":{"0":13,"1":13,"2":13,"3":7,"4":6},"f":{"0":13},"b":{"0":[7,6]},"_coverageSchema":"1a1c01bbd47fc00a2c39e90264f33305004495a9","hash":"f070c3a031cfc8cb42fc82220f43819044f71f78"}
}
